2025-07-30T06:12:25 | touched: Cargo.toml
2025-09-10T01:06:37 | touched: src/main.rs
2025-06-12T06:56:54 | touched: README.md
2025-09-10T13:28:44 | touched: src/lib.rs
2025-09-09T01:51:08 | touched: Cargo.toml
2025-12-26T07:29:13 | touched: LICENSE
2025-12-09T14:04:22 | touched: src/main.rs
2025-03-26T11:15:52 | touched: src/lib.rs
2025-08-05T12:57:16 | touched: src/lib.rs
2025-08-12T08:42:03 | touched: src/lib.rs
2025-12-11T17:35:18 | touched: src/main.rs
2025-04-09T13:40:39 | touched: src/main.rs
2025-04-03T10:16:14 | touched: src/main.rs
2025-09-15T22:29:15 | touched: Cargo.toml
2025-11-26T12:20:56 | touched: src/lib.rs
2025-10-12T02:25:05 | touched: Cargo.toml
2025-11-29T11:01:52 | touched: src/lib.rs
2025-12-26T00:29:24 | touched: README.md
2025-02-10T19:35:31 | touched: LICENSE
2025-03-01T22:30:12 | touched: Cargo.toml
2025-04-04T03:03:21 | touched: LICENSE
2025-11-13T03:32:24 | touched: README.md
